[  0%] Built target geometry_msgs_generate_messages_cpp
[  6%] Built target hector_gazebo_plugins_gencfg
[  6%] Built target geographic_msgs_generate_messages_cpp
[  6%] Built target geographic_msgs_generate_messages_py
[  6%] Built target geographic_msgs_generate_messages_eus
[  6%] Built target geometry_msgs_generate_messages_eus
[  6%] Built target geometry_msgs_generate_messages_py
[  6%] Built target geometry_msgs_generate_messages_lisp
[  6%] Built target geographic_msgs_generate_messages_nodejs
[  6%] Built target geometry_msgs_generate_messages_nodejs
[  6%] Built target geographic_msgs_generate_messages_lisp
[ 12%] Built target diffdrive_plugin_6w
[ 18%] Built target gazebo_ros_force_based_move
[ 25%] Built target diffdrive_plugin_multi_wheel
[ 31%] Built target hector_gazebo_reset_plugin
[ 31%] Built target _hector_gazebo_plugins_generate_messages_check_deps_SetReferenceGeoPose
[ 34%] Built target _hector_gazebo_plugins_generate_messages_check_deps_SetBias
[ 37%] Built target hector_servo_plugin
[ 43%] Built target hector_gazebo_ros_sonar
[ 50%] Built target hector_gazebo_ros_magnetic
[ 71%] Built target hector_gazebo_plugins_generate_messages_py
[ 71%] Built target hector_gazebo_plugins_generate_messages_cpp
[ 75%] Built target hector_gazebo_plugins_generate_messages_eus
[ 81%] Built target hector_gazebo_plugins_generate_messages_lisp
[ 87%] Built target hector_gazebo_plugins_generate_messages_nodejs
[ 87%] Built target hector_gazebo_plugins_generate_messages
[ 96%] Built target hector_gazebo_ros_imu
[100%] Built target hector_gazebo_ros_gps
