[0.462s] Invoking command in '/home/swaminathan/sim_ws/src/f1tenth_gym_ros': PYTHONPATH=/home/swaminathan/sim_ws/build/f1tenth_gym_ros/prefix_override:/home/swaminathan/sim_ws/install/f1tenth_gym_ros/lib/python3.8/site-packages:${PYTHONPATH} /usr/bin/python3 setup.py egg_info --egg-base ../../build/f1tenth_gym_ros build --build-base /home/swaminathan/sim_ws/build/f1tenth_gym_ros/build install --record /home/swaminathan/sim_ws/build/f1tenth_gym_ros/install.log --install-scripts $base/lib/f1tenth_gym_ros --single-version-externally-managed
[0.558s] running egg_info
[0.559s] creating ../../build/f1tenth_gym_ros/f1tenth_gym_ros.egg-info
[0.559s] writing ../../build/f1tenth_gym_ros/f1tenth_gym_ros.egg-info/PKG-INFO
[0.559s] writing dependency_links to ../../build/f1tenth_gym_ros/f1tenth_gym_ros.egg-info/dependency_links.txt
[0.559s] writing entry points to ../../build/f1tenth_gym_ros/f1tenth_gym_ros.egg-info/entry_points.txt
[0.559s] writing requirements to ../../build/f1tenth_gym_ros/f1tenth_gym_ros.egg-info/requires.txt
[0.559s] writing top-level names to ../../build/f1tenth_gym_ros/f1tenth_gym_ros.egg-info/top_level.txt
[0.559s] writing manifest file '../../build/f1tenth_gym_ros/f1tenth_gym_ros.egg-info/SOURCES.txt'
[0.575s] reading manifest file '../../build/f1tenth_gym_ros/f1tenth_gym_ros.egg-info/SOURCES.txt'
[0.575s] writing manifest file '../../build/f1tenth_gym_ros/f1tenth_gym_ros.egg-info/SOURCES.txt'
[0.575s] running build
[0.575s] running build_py
[0.575s] creating /home/swaminathan/sim_ws/build/f1tenth_gym_ros/build
[0.575s] creating /home/swaminathan/sim_ws/build/f1tenth_gym_ros/build/lib
[0.575s] creating /home/swaminathan/sim_ws/build/f1tenth_gym_ros/build/lib/f1tenth_gym_ros
[0.575s] copying f1tenth_gym_ros/gym_bridge.py -> /home/swaminathan/sim_ws/build/f1tenth_gym_ros/build/lib/f1tenth_gym_ros
[0.575s] copying f1tenth_gym_ros/__init__.py -> /home/swaminathan/sim_ws/build/f1tenth_gym_ros/build/lib/f1tenth_gym_ros
[0.575s] running install
[0.576s] running install_lib
[0.576s] creating /home/swaminathan/sim_ws/install/f1tenth_gym_ros/lib/python3.8/site-packages/f1tenth_gym_ros
[0.576s] copying /home/swaminathan/sim_ws/build/f1tenth_gym_ros/build/lib/f1tenth_gym_ros/gym_bridge.py -> /home/swaminathan/sim_ws/install/f1tenth_gym_ros/lib/python3.8/site-packages/f1tenth_gym_ros
[0.576s] copying /home/swaminathan/sim_ws/build/f1tenth_gym_ros/build/lib/f1tenth_gym_ros/__init__.py -> /home/swaminathan/sim_ws/install/f1tenth_gym_ros/lib/python3.8/site-packages/f1tenth_gym_ros
[0.576s] byte-compiling /home/swaminathan/sim_ws/install/f1tenth_gym_ros/lib/python3.8/site-packages/f1tenth_gym_ros/gym_bridge.py to gym_bridge.cpython-38.pyc
[0.579s] byte-compiling /home/swaminathan/sim_ws/install/f1tenth_gym_ros/lib/python3.8/site-packages/f1tenth_gym_ros/__init__.py to __init__.cpython-38.pyc
[0.579s] running install_data
[0.579s] creating /home/swaminathan/sim_ws/install/f1tenth_gym_ros/share/ament_index
[0.579s] creating /home/swaminathan/sim_ws/install/f1tenth_gym_ros/share/ament_index/resource_index
[0.579s] creating /home/swaminathan/sim_ws/install/f1tenth_gym_ros/share/ament_index/resource_index/packages
[0.579s] copying resource/f1tenth_gym_ros -> /home/swaminathan/sim_ws/install/f1tenth_gym_ros/share/ament_index/resource_index/packages
[0.579s] copying package.xml -> /home/swaminathan/sim_ws/install/f1tenth_gym_ros/share/f1tenth_gym_ros
[0.579s] creating /home/swaminathan/sim_ws/install/f1tenth_gym_ros/share/f1tenth_gym_ros/launch
[0.579s] copying launch/gym_bridge_launch.py -> /home/swaminathan/sim_ws/install/f1tenth_gym_ros/share/f1tenth_gym_ros/launch
[0.579s] copying launch/opp_racecar.xacro -> /home/swaminathan/sim_ws/install/f1tenth_gym_ros/share/f1tenth_gym_ros/launch
[0.579s] copying launch/ego_racecar.xacro -> /home/swaminathan/sim_ws/install/f1tenth_gym_ros/share/f1tenth_gym_ros/launch
[0.579s] copying launch/gym_bridge.rviz -> /home/swaminathan/sim_ws/install/f1tenth_gym_ros/share/f1tenth_gym_ros/launch
[0.579s] creating /home/swaminathan/sim_ws/install/f1tenth_gym_ros/share/f1tenth_gym_ros/config
[0.579s] copying config/sim.yaml -> /home/swaminathan/sim_ws/install/f1tenth_gym_ros/share/f1tenth_gym_ros/config
[0.579s] running install_egg_info
[0.580s] Copying ../../build/f1tenth_gym_ros/f1tenth_gym_ros.egg-info to /home/swaminathan/sim_ws/install/f1tenth_gym_ros/lib/python3.8/site-packages/f1tenth_gym_ros-0.0.0-py3.8.egg-info
[0.580s] running install_scripts
[0.589s] Installing gym_bridge script to /home/swaminathan/sim_ws/install/f1tenth_gym_ros/lib/f1tenth_gym_ros
[0.589s] writing list of installed files to '/home/swaminathan/sim_ws/build/f1tenth_gym_ros/install.log'
[0.599s] Invoked command in '/home/swaminathan/sim_ws/src/f1tenth_gym_ros' returned '0': PYTHONPATH=/home/swaminathan/sim_ws/build/f1tenth_gym_ros/prefix_override:/home/swaminathan/sim_ws/install/f1tenth_gym_ros/lib/python3.8/site-packages:${PYTHONPATH} /usr/bin/python3 setup.py egg_info --egg-base ../../build/f1tenth_gym_ros build --build-base /home/swaminathan/sim_ws/build/f1tenth_gym_ros/build install --record /home/swaminathan/sim_ws/build/f1tenth_gym_ros/install.log --install-scripts $base/lib/f1tenth_gym_ros --single-version-externally-managed
