[35m[1mScanning dependencies of target hector_gazebo_plugins_gencfg[0m
[35m[1mScanning dependencies of target _hector_gazebo_plugins_generate_messages_check_deps_SetReferenceGeoPose[0m
[35m[1mScanning dependencies of target geometry_msgs_generate_messages_cpp[0m
[35m[1mScanning dependencies of target _hector_gazebo_plugins_generate_messages_check_deps_SetBias[0m
[35m[1mScanning dependencies of target geographic_msgs_generate_messages_cpp[0m
[35m[1mScanning dependencies of target gazebo_ros_force_based_move[0m
[35m[1mScanning dependencies of target geographic_msgs_generate_messages_eus[0m
[35m[1mScanning dependencies of target geometry_msgs_generate_messages_py[0m
[35m[1mScanning dependencies of target geographic_msgs_generate_messages_py[0m
[35m[1mScanning dependencies of target geometry_msgs_generate_messages_eus[0m
[35m[1mScanning dependencies of target diffdrive_plugin_multi_wheel[0m
[35m[1mScanning dependencies of target diffdrive_plugin_6w[0m
[35m[1mScanning dependencies of target geographic_msgs_generate_messages_nodejs[0m
[35m[1mScanning dependencies of target geometry_msgs_generate_messages_nodejs[0m
[  0%] Built target geometry_msgs_generate_messages_py
[  0%] Built target geometry_msgs_generate_messages_cpp
[  0%] Built target geographic_msgs_generate_messages_cpp
[  0%] Built target geographic_msgs_generate_messages_eus
[  3%] Built target geometry_msgs_generate_messages_eus
[  3%] [34m[1mGenerating dynamic reconfigure files from cfg/SensorModel.cfg: /home/swaminathan/Workspaces/smb_ws3/devel/.private/hector_gazebo_plugins/include/hector_gazebo_plugins/SensorModelConfig.h /home/swaminathan/Workspaces/smb_ws3/devel/.private/hector_gazebo_plugins/lib/python3/dist-packages/hector_gazebo_plugins/cfg/SensorModelConfig.py[0m
[  3%] Built target geographic_msgs_generate_messages_py
[  3%] Built target geometry_msgs_generate_messages_nodejs
[  3%] Built target geographic_msgs_generate_messages_nodejs
[35m[1mScanning dependencies of target geographic_msgs_generate_messages_lisp[0m
[  6%] [34m[1mGenerating dynamic reconfigure files from cfg/GNSS.cfg: /home/swaminathan/Workspaces/smb_ws3/devel/.private/hector_gazebo_plugins/include/hector_gazebo_plugins/GNSSConfig.h /home/swaminathan/Workspaces/smb_ws3/devel/.private/hector_gazebo_plugins/lib/python3/dist-packages/hector_gazebo_plugins/cfg/GNSSConfig.py[0m
[35m[1mScanning dependencies of target hector_gazebo_reset_plugin[0m
[35m[1mScanning dependencies of target geometry_msgs_generate_messages_lisp[0m
[35m[1mScanning dependencies of target hector_servo_plugin[0m
[  6%] Built target geographic_msgs_generate_messages_lisp
[  6%] Built target geometry_msgs_generate_messages_lisp
[  6%] Built target _hector_gazebo_plugins_generate_messages_check_deps_SetBias
[  6%] Built target _hector_gazebo_plugins_generate_messages_check_deps_SetReferenceGeoPose
[35m[1mScanning dependencies of target hector_gazebo_plugins_generate_messages_nodejs[0m
[35m[1mScanning dependencies of target hector_gazebo_plugins_generate_messages_eus[0m
[35m[1mScanning dependencies of target hector_gazebo_plugins_generate_messages_py[0m
[35m[1mScanning dependencies of target hector_gazebo_plugins_generate_messages_cpp[0m
[35m[1mScanning dependencies of target hector_gazebo_plugins_generate_messages_lisp[0m
[  9%] [34m[1mGenerating Lisp code from hector_gazebo_plugins/SetBias.srv[0m
[ 12%] [34m[1mGenerating EusLisp code from hector_gazebo_plugins/SetBias.srv[0m
[ 18%] [34m[1mGenerating Javascript code from hector_gazebo_plugins/SetReferenceGeoPose.srv[0m
[ 18%] [34m[1mGenerating Javascript code from hector_gazebo_plugins/SetBias.srv[0m
[ 21%] [34m[1mGenerating C++ code from hector_gazebo_plugins/SetBias.srv[0m
[ 25%] [32mBuilding CXX object CMakeFiles/hector_gazebo_reset_plugin.dir/src/reset_plugin.cpp.o[0m
[ 28%] [34m[1mGenerating Python code from SRV hector_gazebo_plugins/SetBias[0m
[ 31%] [34m[1mGenerating EusLisp code from hector_gazebo_plugins/SetReferenceGeoPose.srv[0m
Generating reconfiguration files for SensorModel in hector_gazebo_plugins
Generating reconfiguration files for GNSS in hector_gazebo_plugins
Wrote header file in /home/swaminathan/Workspaces/smb_ws3/devel/.private/hector_gazebo_plugins/include/hector_gazebo_plugins/SensorModelConfig.h
Wrote header file in /home/swaminathan/Workspaces/smb_ws3/devel/.private/hector_gazebo_plugins/include/hector_gazebo_plugins/GNSSConfig.h
[ 34%] [34m[1mGenerating Lisp code from hector_gazebo_plugins/SetReferenceGeoPose.srv[0m
[ 37%] [34m[1mGenerating EusLisp manifest code for hector_gazebo_plugins[0m
[ 37%] Built target hector_gazebo_plugins_generate_messages_nodejs
[ 40%] [34m[1mGenerating C++ code from hector_gazebo_plugins/SetReferenceGeoPose.srv[0m
[ 43%] [32mBuilding CXX object CMakeFiles/hector_servo_plugin.dir/src/servo_plugin.cpp.o[0m
[ 46%] [34m[1mGenerating Python code from SRV hector_gazebo_plugins/SetReferenceGeoPose[0m
[ 50%] [32mBuilding CXX object CMakeFiles/diffdrive_plugin_multi_wheel.dir/src/diffdrive_plugin_multi_wheel.cpp.o[0m
[ 53%] [32mBuilding CXX object CMakeFiles/gazebo_ros_force_based_move.dir/src/gazebo_ros_force_based_move.cpp.o[0m
[ 56%] [32mBuilding CXX object CMakeFiles/diffdrive_plugin_6w.dir/src/diffdrive_plugin_6w.cpp.o[0m
[ 56%] Built target hector_gazebo_plugins_generate_messages_lisp
[ 56%] Built target hector_gazebo_plugins_gencfg
[35m[1mScanning dependencies of target hector_gazebo_ros_sonar[0m
[35m[1mScanning dependencies of target hector_gazebo_ros_magnetic[0m
[ 59%] [32mBuilding CXX object CMakeFiles/hector_gazebo_ros_magnetic.dir/src/gazebo_ros_magnetic.cpp.o[0m
[ 62%] [32mBuilding CXX object CMakeFiles/hector_gazebo_ros_sonar.dir/src/gazebo_ros_sonar.cpp.o[0m
[ 65%] [34m[1mGenerating Python srv __init__.py for hector_gazebo_plugins[0m
[ 65%] Built target hector_gazebo_plugins_generate_messages_cpp
[35m[1mScanning dependencies of target hector_gazebo_ros_gps[0m
[35m[1mScanning dependencies of target hector_gazebo_ros_imu[0m
[ 68%] [32mBuilding CXX object CMakeFiles/hector_gazebo_ros_imu.dir/src/gazebo_ros_imu.cpp.o[0m
[ 71%] [32mBuilding CXX object CMakeFiles/hector_gazebo_ros_gps.dir/src/gazebo_ros_gps.cpp.o[0m
[ 71%] Built target hector_gazebo_plugins_generate_messages_py
[ 71%] Built target hector_gazebo_plugins_generate_messages_eus
[35m[1mScanning dependencies of target hector_gazebo_plugins_generate_messages[0m
[ 71%] Built target hector_gazebo_plugins_generate_messages
[ 75%] [32m[1mLinking CXX shared library /home/swaminathan/Workspaces/smb_ws3/devel/.private/hector_gazebo_plugins/lib/libhector_gazebo_reset_plugin.so[0m
[ 75%] Built target hector_gazebo_reset_plugin
[ 78%] [32m[1mLinking CXX shared library /home/swaminathan/Workspaces/smb_ws3/devel/.private/hector_gazebo_plugins/lib/libhector_gazebo_ros_sonar.so[0m
[ 81%] [32m[1mLinking CXX shared library /home/swaminathan/Workspaces/smb_ws3/devel/.private/hector_gazebo_plugins/lib/libhector_gazebo_ros_magnetic.so[0m
[ 81%] Built target hector_gazebo_ros_magnetic
[ 81%] Built target hector_gazebo_ros_sonar
[ 84%] [32m[1mLinking CXX shared library /home/swaminathan/Workspaces/smb_ws3/devel/.private/hector_gazebo_plugins/lib/libhector_gazebo_ros_imu.so[0m
[ 84%] Built target hector_gazebo_ros_imu
[ 87%] [32m[1mLinking CXX shared library /home/swaminathan/Workspaces/smb_ws3/devel/.private/hector_gazebo_plugins/lib/libhector_servo_plugin.so[0m
[ 90%] [32m[1mLinking CXX shared library /home/swaminathan/Workspaces/smb_ws3/devel/.private/hector_gazebo_plugins/lib/libgazebo_ros_force_based_move.so[0m
[ 90%] Built target hector_servo_plugin
[ 90%] Built target gazebo_ros_force_based_move
[ 93%] [32m[1mLinking CXX shared library /home/swaminathan/Workspaces/smb_ws3/devel/.private/hector_gazebo_plugins/lib/libdiffdrive_plugin_6w.so[0m
[ 96%] [32m[1mLinking CXX shared library /home/swaminathan/Workspaces/smb_ws3/devel/.private/hector_gazebo_plugins/lib/libhector_gazebo_ros_gps.so[0m
[ 96%] Built target diffdrive_plugin_6w
[ 96%] Built target hector_gazebo_ros_gps
[100%] [32m[1mLinking CXX shared library /home/swaminathan/Workspaces/smb_ws3/devel/.private/hector_gazebo_plugins/lib/libdiffdrive_plugin_multi_wheel.so[0m
[100%] Built target diffdrive_plugin_multi_wheel
